Using pre-set license
Built from '2020.3/staging' branch; Version is '2020.3.10f1 (297d780c91bc) revision 2719096'; Using compiler version '192528614'; Build Type 'Release'
OS: 'Windows 10 Home; OS build 19041.1110; Version 2004; 64bit' Language: 'pl' Physical Memory: 32689 MB
BatchMode: 1, IsHumanControllingUs: 0, StartBugReporterOnCrash: 0, Is64bit: 1, IsPro: 0

 COMMAND LINE ARGUMENTS:
C:\Program Files\Unity\Hub\Editor\2020.3.10f1\Editor\Unity.exe
-adb2
-batchMode
-noUpm
-name
AssetImportWorker0
-projectPath
C:/UnityProjects/Screamortality
-logFile
Logs/AssetImportWorker0.log
-srvPort
52390
Successfully changed project path to: C:/UnityProjects/Screamortality
C:/UnityProjects/Screamortality
Using Asset Import Pipeline V2.
Refreshing native plugins compatible for Editor in 45.31 ms, found 3 plugins.
Preloading 0 native plugins for Editor in 0.00 ms.
Initialize engine version: 2020.3.10f1 (297d780c91bc)
[Subsystems] Discovering subsystems at path C:/Program Files/Unity/Hub/Editor/2020.3.10f1/Editor/Data/Resources/UnitySubsystems
[Subsystems] Discovering subsystems at path C:/UnityProjects/Screamortality/Assets
GfxDevice: creating device client; threaded=0
Direct3D:
    Version:  Direct3D 11.0 [level 11.1]
    Renderer: NVIDIA GeForce GTX 1650 (ID=0x2188)
    Vendor:   
    VRAM:     3962 MB
    Driver:   27.21.14.6663
Shader 'Universal Render Pipeline/Particles/Lit': fallback shader 'Universal Render Pipeline/Particles/SimpleLit' not found
Initialize mono
Mono path[0] = 'C:/Program Files/Unity/Hub/Editor/2020.3.10f1/Editor/Data/Managed'
Mono path[1] = 'C:/Program Files/Unity/Hub/Editor/2020.3.10f1/Editor/Data/MonoBleedingEdge/lib/mono/unityjit'
Mono config path = 'C:/Program Files/Unity/Hub/Editor/2020.3.10f1/Editor/Data/MonoBleedingEdge/etc'
Using monoOptions --debugger-agent=transport=dt_socket,embedding=1,server=y,suspend=n,address=127.0.0.1:56336
Begin MonoManager ReloadAssembly
Registering precompiled unity dll's ...
Register platform support module: C:/Program Files/Unity/Hub/Editor/2020.3.10f1/Editor/Data/PlaybackEngines/WebGLSupport/UnityEditor.WebGL.Extensions.dll
Register platform support module: C:/Program Files/Unity/Hub/Editor/2020.3.10f1/Editor/Data/PlaybackEngines/WindowsStandaloneSupport/UnityEditor.WindowsStandalone.Extensions.dll
Registered in 0.001751 seconds.
Native extension for WindowsStandalone target not found
Native extension for WebGL target not found
Refreshing native plugins compatible for Editor in 45.77 ms, found 3 plugins.
Preloading 0 native plugins for Editor in 0.00 ms.
Mono: successfully reloaded assembly
- Completed reload, in  1.401 seconds
Platform modules already initialized, skipping
Registering precompiled user dll's ...
Registered in 0.002939 seconds.
Begin MonoManager ReloadAssembly
Native extension for WindowsStandalone target not found
Native extension for WebGL target not found
Refreshing native plugins compatible for Editor in 47.72 ms, found 3 plugins.
Preloading 0 native plugins for Editor in 0.00 ms.
Mono: successfully reloaded assembly
- Completed reload, in  0.816 seconds
Platform modules already initialized, skipping
========================================================================
Worker process is ready to serve import requests
Shader 'Universal Render Pipeline/Particles/Lit': fallback shader 'Universal Render Pipeline/Particles/SimpleLit' not found
Launched and connected shader compiler UnityShaderCompiler.exe after 0.03 seconds
Refreshing native plugins compatible for Editor in 0.65 ms, found 3 plugins.
Preloading 0 native plugins for Editor in 0.00 ms.
Unloading 3696 Unused Serialized files (Serialized files now loaded: 0)
System memory in use before: 157.9 MB.
System memory in use after: 158.1 MB.

Unloading 32 unused Assets to reduce memory usage. Loaded Objects now: 4135.
Total: 3.050300 ms (FindLiveObjects: 0.331300 ms CreateObjectMapping: 0.098400 ms MarkObjects: 2.549400 ms  DeleteObjects: 0.070100 ms)

========================================================================
Received Import Request.
  path: Assets/Evil Empire.otf
  artifactKey: Guid(2b27280ee782a184289adea9ade4688a) Importer(815301076,1909f56bfc062723c751e8b465ee728b)
Start importing Assets/Evil Empire.otf using Guid(2b27280ee782a184289adea9ade4688a) Importer(815301076,1909f56bfc062723c751e8b465ee728b)  -> (artifact id: '9f466a14dbad16ea98105a49043aebcc') in 0.158362 seconds
  Import took 0.163181 seconds .

========================================================================
Received Import Request.
  Time since last request: 0.000153 seconds.
  path: Assets/Park Lane NF SDF.asset
  artifactKey: Guid(fadc2923a7b20d84eb8263b16a26928c) Importer(815301076,1909f56bfc062723c751e8b465ee728b)
Start importing Assets/Park Lane NF SDF.asset using Guid(fadc2923a7b20d84eb8263b16a26928c) Importer(815301076,1909f56bfc062723c751e8b465ee728b)  -> (artifact id: '1937afd29687918eb95ed134aa57fe5d') in 0.032018 seconds
  Import took 0.036240 seconds .

========================================================================
Received Import Request.
  Time since last request: 0.000157 seconds.
  path: Assets/Evil Empire SDF.asset
  artifactKey: Guid(fc31780116a235f43b0b2722f5b705df) Importer(815301076,1909f56bfc062723c751e8b465ee728b)
Start importing Assets/Evil Empire SDF.asset using Guid(fc31780116a235f43b0b2722f5b705df) Importer(815301076,1909f56bfc062723c751e8b465ee728b)  -> (artifact id: '8e94d264c5618c65913bec37ab965bf3') in 0.016880 seconds
  Import took 0.020802 seconds .

========================================================================
Received Import Request.
  Time since last request: 0.000116 seconds.
  path: Assets/Park Lane NF.ttf
  artifactKey: Guid(e8ab75b04a710ee48aa5132d6ab38212) Importer(815301076,1909f56bfc062723c751e8b465ee728b)
Start importing Assets/Park Lane NF.ttf using Guid(e8ab75b04a710ee48aa5132d6ab38212) Importer(815301076,1909f56bfc062723c751e8b465ee728b)  -> (artifact id: '9438275d1fe04c116f11683cd700e13c') in 0.009326 seconds
  Import took 0.012884 seconds .

AssetImportWorkerClient::OnTransportError - code=2 error=End of file
